Microsoft (R) Macro Assembler (x64) Version 14.37.32822.0   08/30/23 04:51:04
CallProc_64.asm						     Page 1 - 1


				; Calling a subroutine in 64-bit mode			

				extrn ExitProcess: PROC

 00000000			.code
 00000000			main proc
 00000000  48/ 83 EC 08			sub  rsp,8           ; align the stack pointer
 00000004  48/ 83 EC 20			sub  rsp,20h			; reserve 32 bytes for shadow parameters

 00000008  48/ C7 C1			mov  rcx,1				; pass four parameters, in order
	   00000001
 0000000F  48/ C7 C2			mov  rdx,2
	   00000002
 00000016  49/ C7 C0			mov  r8,3
	   00000003
 0000001D  49/ C7 C1			mov  r9,4
	   00000004
 00000024  E8 0000000A			call AddFour		; look for return value in RAX

 00000029  B9 00000000			mov  ecx,0
 0000002E  E8 00000000 E		call ExitProcess
 00000033			main endp

 00000033			AddFour proc
 00000033  48/ 8B C1			mov  rax,rcx
 00000036  48/ 03 C2			add  rax,rdx
 00000039  49/ 03 C0			add  rax,r8
 0000003C  49/ 03 C1			add  rax,r9				; sum is in RAX
 0000003F  C3				ret
 00000040			AddFour endp

				end
Microsoft (R) Macro Assembler (x64) Version 14.37.32822.0   08/30/23 04:51:04
CallProc_64.asm						     Symbols 2 - 1




Procedures, parameters, and locals:

                N a m e                 Type     Value    Attr

AddFour  . . . . . . . . . . . .	P 	 00000033 _TEXT	Length= 0000000D Public
main . . . . . . . . . . . . . .	P 	 00000000 _TEXT	Length= 00000033 Public


Symbols:

                N a m e                 Type     Value    Attr

ExitProcess  . . . . . . . . . .	L 	 00000000 External

	   0 Warnings
	   0 Errors
